0 info it worked if it ends with ok
1 verbose cli [ '/usr/local/Cellar/node/7.5.0/bin/node',
1 verbose cli   '/usr/local/bin/npm',
1 verbose cli   'run',
1 verbose cli   'init' ]
2 info using npm@4.1.2
3 info using node@v7.5.0
4 verbose run-script [ 'preinit', 'init', 'postinit' ]
5 info lifecycle laravel-iview-blog-project@1.0.2~preinit: laravel-iview-blog-project@1.0.2
6 silly lifecycle laravel-iview-blog-project@1.0.2~preinit: no script for preinit, continuing
7 info lifecycle laravel-iview-blog-project@1.0.2~init: laravel-iview-blog-project@1.0.2
8 verbose lifecycle laravel-iview-blog-project@1.0.2~init: unsafe-perm in lifecycle true
9 verbose lifecycle laravel-iview-blog-project@1.0.2~init: PATH: /usr/local/lib/node_modules/npm/bin/node-gyp-bin:/Users/qt-dev/learn/php/laravel5.4-iview1.0-blog/node_modules/.bin:/usr/local/opt/bison/bin:/usr/local/bin:/usr/bin:/bin:/usr/sbin:/sbin
10 verbose lifecycle laravel-iview-blog-project@1.0.2~init: CWD: /Users/qt-dev/learn/php/laravel5.4-iview1.0-blog
11 silly lifecycle laravel-iview-blog-project@1.0.2~init: Args: [ '-c', 'webpack --progress --config webpack.dev.config.js' ]
12 silly lifecycle laravel-iview-blog-project@1.0.2~init: Returned: code: 1  signal: null
13 info lifecycle laravel-iview-blog-project@1.0.2~init: Failed to exec init script
14 verbose stack Error: laravel-iview-blog-project@1.0.2 init: `webpack --progress --config webpack.dev.config.js`
14 verbose stack Exit status 1
14 verbose stack     at EventEmitter.<anonymous> (/usr/local/lib/node_modules/npm/lib/utils/lifecycle.js:279:16)
14 verbose stack     at emitTwo (events.js:106:13)
14 verbose stack     at EventEmitter.emit (events.js:192:7)
14 verbose stack     at ChildProcess.<anonymous> (/usr/local/lib/node_modules/npm/lib/utils/spawn.js:40:14)
14 verbose stack     at emitTwo (events.js:106:13)
14 verbose stack     at ChildProcess.emit (events.js:192:7)
14 verbose stack     at maybeClose (internal/child_process.js:890:16)
14 verbose stack     at Process.ChildProcess._handle.onexit (internal/child_process.js:226:5)
15 verbose pkgid laravel-iview-blog-project@1.0.2
16 verbose cwd /Users/qt-dev/learn/php/laravel5.4-iview1.0-blog/build-src
17 error Darwin 16.3.0
18 error argv "/usr/local/Cellar/node/7.5.0/bin/node" "/usr/local/bin/npm" "run" "init"
19 error node v7.5.0
20 error npm  v4.1.2
21 error code ELIFECYCLE
22 error laravel-iview-blog-project@1.0.2 init: `webpack --progress --config webpack.dev.config.js`
22 error Exit status 1
23 error Failed at the laravel-iview-blog-project@1.0.2 init script 'webpack --progress --config webpack.dev.config.js'.
23 error Make sure you have the latest version of node.js and npm installed.
23 error If you do, this is most likely a problem with the laravel-iview-blog-project package,
23 error not with npm itself.
23 error Tell the author that this fails on your system:
23 error     webpack --progress --config webpack.dev.config.js
23 error You can get information on how to open an issue for this project with:
23 error     npm bugs laravel-iview-blog-project
23 error Or if that isn't available, you can get their info via:
23 error     npm owner ls laravel-iview-blog-project
23 error There is likely additional logging output above.
24 verbose exit [ 1, true ]
